# Default to first menu entry 
default 0

# Allow 30 seconds before booting default 
timeout=30 
 
# Use prettier colors 
color green/black light-green/black 
 
# Default Entry for LFS 
title LFS ([LFS-version] kernel [linux-version]) 
root ([grub-root]) 
kernel /boot/lfskernel-[linux-version] root=/dev/hda2
 
# Redhat Linux 
#title Redhat 
#root (hd0,2) 
#kernel /boot/kernel-2.4.20 root=/dev/hda3 
#initrd /boot/initrd-2.4.20 
# 
# Windows 
#title Windows 
#rootnoverify (hd0,0) 
#chainloader +1 
#
